<?xml version="1.0" encoding="UTF-8"?>
<testsuite xmlns:xsi="http://www.w3.org/2001/XMLSchema-instance" xsi:noNamespaceSchemaLocation="https://maven.apache.org/surefire/maven-surefire-plugin/xsd/surefire-test-report.xsd" name="za.wethinkcode.Tests.PositionTest" time="0.001" tests="7" errors="0" skipped="0" failures="0">
  <properties>
[...]
</properties>
  <testcase name="testNorthDirection" classname="za.wethinkcode.Tests.PositionTest" time="0"/>
  <testcase name="insideRectangularRegion" classname="za.wethinkcode.Tests.PositionTest" time="0"/>
  <testcase name="testSouthDirection" classname="za.wethinkcode.Tests.PositionTest" time="0"/>
  <testcase name="shouldKnowXandY" classname="za.wethinkcode.Tests.PositionTest" time="0"/>
  <testcase name="equality" classname="za.wethinkcode.Tests.PositionTest" time="0"/>
  <testcase name="testWestDirection" classname="za.wethinkcode.Tests.PositionTest" time="0"/>
  <testcase name="testEastDirection" classname="za.wethinkcode.Tests.PositionTest" time="0"/>
</testsuite>