<?xml version="1.0" encoding="UTF-8"?>
<testsuite xmlns:xsi="http://www.w3.org/2001/XMLSchema-instance" xsi:noNamespaceSchemaLocation="https://maven.apache.org/surefire/maven-surefire-plugin/xsd/surefire-test-report.xsd" name="za.wethinkcode.Tests.CommandTest" time="0.01" tests="7" errors="0" skipped="0" failures="0">
  <properties>
[...]
</properties>
  <testcase name="testBackward" classname="za.wethinkcode.Tests.CommandTest" time="0"/>
  <testcase name="testRight" classname="za.wethinkcode.Tests.CommandTest" time="0.001"/>
  <testcase name="TestHelp" classname="za.wethinkcode.Tests.CommandTest" time="0"/>
  <testcase name="TestLeft" classname="za.wethinkcode.Tests.CommandTest" time="0"/>
  <testcase name="TestQuit" classname="za.wethinkcode.Tests.CommandTest" time="0.003"/>
  <testcase name="testForward" classname="za.wethinkcode.Tests.CommandTest" time="0.002"/>
  <testcase name="TestLookGetAbsolutePosition" classname="za.wethinkcode.Tests.CommandTest" time="0.001"/>
</testsuite>