-------------------------------------------------------------------------------
Test set: za.wethinkcode.Tests.AcceptanceTest.LaunchRobotTests
-------------------------------------------------------------------------------
Tests run: 5, Failures: 1, Errors: 0, Skipped: 0, Time elapsed: 0.021 s <<< FAILURE! - in za.wethinkcode.Tests.AcceptanceTest.LaunchRobotTests
launchAnotherBot  Time elapsed: 0.011 s  <<< FAILURE!
org.opentest4j.AssertionFailedError: expected: <OK> but was: <ERROR>
	at za.wethinkcode.Tests.AcceptanceTest.LaunchRobotTests.launchAnotherBot(LaunchRobotTests.java:105)

