-------------------------------------------------------------------------------
Test set: za.wethinkcode.Tests.AcceptanceTest.StateCommandTest
-------------------------------------------------------------------------------
Tests run: 1, Failures: 0, Errors: 1, Skipped: 0, Time elapsed: 1.696 s <<< FAILURE! - in za.wethinkcode.Tests.AcceptanceTest.StateCommandTest
validStateShouldSucceed  Time elapsed: 1.074 s  <<< ERROR!
java.lang.RuntimeException: Error connecting to Robot Worlds server.
	at za.wethinkcode.Tests.AcceptanceTest.StateCommandTest.connectToServer(StateCommandTest.java:21)
Caused by: java.net.ConnectException: Connection refused
	at za.wethinkcode.Tests.AcceptanceTest.StateCommandTest.connectToServer(StateCommandTest.java:21)

