-------------------------------------------------------------------------------
Test set: za.wethinkcode.Tests.AcceptanceTest.LookCommandTests
-------------------------------------------------------------------------------
Tests run: 1, Failures: 0, Errors: 1, Skipped: 0, Time elapsed: 0.018 s <<< FAILURE! - in za.wethinkcode.Tests.AcceptanceTest.LookCommandTests
LookObstacleBot  Time elapsed: 0.006 s  <<< ERROR!
java.lang.RuntimeException: Error connecting to Robot Worlds server.
	at za.wethinkcode.Tests.AcceptanceTest.LookCommandTests.connectToServer(LookCommandTests.java:32)
Caused by: java.net.ConnectException: Connection refused
	at za.wethinkcode.Tests.AcceptanceTest.LookCommandTests.connectToServer(LookCommandTests.java:32)

